[INFO]: 2025-06-11 10:33:12 - Connected to database: biteship
[INFO]: 2025-06-11 10:33:12 - Connected to database: ppob
[INFO]: 2025-06-11 10:33:12 - Connected to database: payment_gateway_langitdigital_dev
[INFO]: 2025-06-11 10:34:34 - Connected to database: biteship
[INFO]: 2025-06-11 10:34:34 - Connected to database: ppob
[INFO]: 2025-06-11 10:34:34 - Connected to database: payment_gateway_langitdigital_dev
[INFO]: 2025-06-11 10:34:37 - Connected to database: biteship
[INFO]: 2025-06-11 10:34:37 - Connected to database: ppob
[INFO]: 2025-06-11 10:34:37 - Connected to database: payment_gateway_langitdigital_dev
[INFO]: 2025-06-11 10:35:09 - Connected to database: biteship
[INFO]: 2025-06-11 10:35:09 - Connected to database: ppob
[INFO]: 2025-06-11 10:35:09 - Connected to database: payment_gateway_langitdigital_dev
[INFO]: 2025-06-11 10:35:13 - Connected to database: biteship
[INFO]: 2025-06-11 10:35:13 - Connected to database: ppob
[INFO]: 2025-06-11 10:35:13 - Connected to database: payment_gateway_langitdigital_dev
[INFO]: 2025-06-11 10:35:21 - Connected to database: biteship
[INFO]: 2025-06-11 10:35:22 - Connected to database: ppob
[INFO]: 2025-06-11 10:35:22 - Connected to database: payment_gateway_langitdigital_dev
[INFO]: 2025-06-11 10:35:25 - Connected to database: biteship
[INFO]: 2025-06-11 10:35:26 - Connected to database: ppob
[INFO]: 2025-06-11 10:35:26 - Connected to database: payment_gateway_langitdigital_dev
[INFO]: 2025-06-11 10:35:31 - Connected to database: biteship
[INFO]: 2025-06-11 10:35:31 - Connected to database: ppob
[INFO]: 2025-06-11 10:35:31 - Connected to database: payment_gateway_langitdigital_dev
[INFO]: 2025-06-11 10:35:33 - Connected to database: biteship
[INFO]: 2025-06-11 10:35:33 - Connected to database: ppob
[INFO]: 2025-06-11 10:35:33 - Connected to database: payment_gateway_langitdigital_dev
[INFO]: 2025-06-11 10:36:05 - Connected to database: biteship
[INFO]: 2025-06-11 10:36:05 - Connected to database: ppob
[INFO]: 2025-06-11 10:36:05 - Connected to database: payment_gateway_langitdigital_dev
[INFO]: 2025-06-11 10:36:07 - Connected to database: biteship
[INFO]: 2025-06-11 10:36:08 - Connected to database: ppob
[INFO]: 2025-06-11 10:36:08 - Connected to database: payment_gateway_langitdigital_dev
[INFO]: 2025-06-11 10:36:15 - Connected to database: biteship
[INFO]: 2025-06-11 10:36:15 - Connected to database: ppob
[INFO]: 2025-06-11 10:36:16 - Connected to database: payment_gateway_langitdigital_dev
[INFO]: 2025-06-11 10:36:20 - Connected to database: biteship
[INFO]: 2025-06-11 10:36:20 - Connected to database: ppob
[INFO]: 2025-06-11 10:36:20 - Connected to database: payment_gateway_langitdigital_dev
[INFO]: 2025-06-11 10:36:28 - Connected to database: biteship
[INFO]: 2025-06-11 10:36:28 - Connected to database: ppob
[INFO]: 2025-06-11 10:36:28 - Connected to database: payment_gateway_langitdigital_dev
[INFO]: 2025-06-11 10:36:28 - Connected to database: biteship
[INFO]: 2025-06-11 10:36:28 - Connected to database: ppob
[INFO]: 2025-06-11 10:36:29 - Connected to database: payment_gateway_langitdigital_dev
[INFO]: 2025-06-11 10:36:33 - Connected to database: biteship
[INFO]: 2025-06-11 10:36:33 - Connected to database: ppob
[INFO]: 2025-06-11 10:36:33 - Connected to database: payment_gateway_langitdigital_dev
[INFO]: 2025-06-11 10:36:35 - Connected to database: biteship
[INFO]: 2025-06-11 10:36:35 - Connected to database: ppob
[INFO]: 2025-06-11 10:36:35 - Connected to database: payment_gateway_langitdigital_dev
[INFO]: 2025-06-11 10:37:13 - Connected to database: biteship
[INFO]: 2025-06-11 10:37:14 - Connected to database: ppob
[INFO]: 2025-06-11 10:37:14 - Connected to database: payment_gateway_langitdigital_dev
[INFO]: 2025-06-11 10:37:19 - Connected to database: biteship
[INFO]: 2025-06-11 10:37:19 - Connected to database: ppob
[INFO]: 2025-06-11 10:37:20 - Connected to database: payment_gateway_langitdigital_dev
[INFO]: 2025-06-11 10:37:20 - Connected to database: biteship
[INFO]: 2025-06-11 10:37:20 - Connected to database: ppob
[INFO]: 2025-06-11 10:37:21 - Connected to database: payment_gateway_langitdigital_dev
[INFO]: 2025-06-11 10:37:22 - Connected to database: biteship
[INFO]: 2025-06-11 10:37:22 - Connected to database: ppob
[INFO]: 2025-06-11 10:37:22 - Connected to database: payment_gateway_langitdigital_dev
[INFO]: 2025-06-11 10:37:30 - Connected to database: biteship
[INFO]: 2025-06-11 10:37:30 - Connected to database: ppob
[INFO]: 2025-06-11 10:37:30 - Connected to database: payment_gateway_langitdigital_dev
[INFO]: 2025-06-11 10:37:40 - Connected to database: biteship
[INFO]: 2025-06-11 10:37:40 - Connected to database: ppob
[INFO]: 2025-06-11 10:37:40 - Connected to database: payment_gateway_langitdigital_dev
[INFO]: 2025-06-11 10:37:50 - Connected to database: biteship
[INFO]: 2025-06-11 10:37:50 - Connected to database: ppob
[INFO]: 2025-06-11 10:37:50 - Connected to database: payment_gateway_langitdigital_dev
[INFO]: 2025-06-11 10:37:57 - Connected to database: biteship
[INFO]: 2025-06-11 10:37:57 - Connected to database: ppob
[INFO]: 2025-06-11 10:37:57 - Connected to database: payment_gateway_langitdigital_dev
[INFO]: 2025-06-11 10:38:05 - Connected to database: biteship
[INFO]: 2025-06-11 10:38:05 - Connected to database: ppob
[INFO]: 2025-06-11 10:38:05 - Connected to database: payment_gateway_langitdigital_dev
[INFO]: 2025-06-11 10:38:08 - Connected to database: biteship
[INFO]: 2025-06-11 10:38:08 - Connected to database: ppob
[INFO]: 2025-06-11 10:38:08 - Connected to database: payment_gateway_langitdigital_dev
[INFO]: 2025-06-11 10:38:10 - Connected to database: biteship
[INFO]: 2025-06-11 10:38:10 - Connected to database: ppob
[INFO]: 2025-06-11 10:38:10 - Connected to database: payment_gateway_langitdigital_dev
[INFO]: 2025-06-11 10:38:20 - Connected to database: biteship
[INFO]: 2025-06-11 10:38:20 - Connected to database: ppob
[INFO]: 2025-06-11 10:38:20 - Connected to database: payment_gateway_langitdigital_dev
[INFO]: 2025-06-11 10:38:37 - Connected to database: biteship
[INFO]: 2025-06-11 10:38:37 - Connected to database: ppob
[INFO]: 2025-06-11 10:38:37 - Connected to database: payment_gateway_langitdigital_dev
[INFO]: 2025-06-11 10:38:45 - Connected to database: biteship
[INFO]: 2025-06-11 10:38:45 - Connected to database: ppob
[INFO]: 2025-06-11 10:38:45 - Connected to database: payment_gateway_langitdigital_dev
[INFO]: 2025-06-11 10:39:06 - Connected to database: biteship
[INFO]: 2025-06-11 10:39:06 - Connected to database: ppob
[INFO]: 2025-06-11 10:39:07 - Connected to database: payment_gateway_langitdigital_dev
[INFO]: 2025-06-11 10:39:12 - Connected to database: biteship
[INFO]: 2025-06-11 10:39:13 - Connected to database: ppob
[INFO]: 2025-06-11 10:39:13 - Connected to database: payment_gateway_langitdigital_dev
[INFO]: 2025-06-11 10:39:15 - Connected to database: biteship
[INFO]: 2025-06-11 10:39:16 - Connected to database: ppob
[INFO]: 2025-06-11 10:39:16 - Connected to database: payment_gateway_langitdigital_dev
[INFO]: 2025-06-11 10:39:33 - Connected to database: biteship
[INFO]: 2025-06-11 10:39:33 - Connected to database: ppob
[INFO]: 2025-06-11 10:39:33 - Connected to database: payment_gateway_langitdigital_dev
[INFO]: 2025-06-11 10:39:40 - Connected to database: biteship
[INFO]: 2025-06-11 10:39:42 - Connected to database: ppob
[INFO]: 2025-06-11 10:39:42 - Connected to database: payment_gateway_langitdigital_dev
[INFO]: 2025-06-11 10:44:59 - Connected to database: biteship
[INFO]: 2025-06-11 10:44:59 - Connected to database: ppob
[INFO]: 2025-06-11 10:44:59 - Connected to database: payment_gateway_langitdigital_dev
[INFO]: 2025-06-11 10:45:06 - Connected to database: biteship
[INFO]: 2025-06-11 10:45:06 - Connected to database: ppob
[INFO]: 2025-06-11 10:45:06 - Connected to database: payment_gateway_langitdigital_dev
[INFO]: 2025-06-11 10:45:09 - Connected to database: biteship
[INFO]: 2025-06-11 10:45:10 - Connected to database: ppob
[INFO]: 2025-06-11 10:45:12 - Connected to database: payment_gateway_langitdigital_dev
[INFO]: 2025-06-11 10:45:15 - Connected to database: biteship
[INFO]: 2025-06-11 10:45:15 - Connected to database: ppob
[INFO]: 2025-06-11 10:45:15 - Connected to database: payment_gateway_langitdigital_dev
[INFO]: 2025-06-11 10:45:20 - Connected to database: biteship
[INFO]: 2025-06-11 10:45:20 - Connected to database: ppob
[INFO]: 2025-06-11 10:45:20 - Connected to database: payment_gateway_langitdigital_dev
[INFO]: 2025-06-11 10:45:21 - Connected to database: biteship
[INFO]: 2025-06-11 10:45:22 - Connected to database: ppob
[INFO]: 2025-06-11 10:45:22 - Connected to database: payment_gateway_langitdigital_dev
[INFO]: 2025-06-11 10:45:23 - Connected to database: biteship
[INFO]: 2025-06-11 10:45:23 - Connected to database: ppob
[INFO]: 2025-06-11 10:45:23 - Connected to database: payment_gateway_langitdigital_dev
[INFO]: 2025-06-11 10:45:24 - Connected to database: biteship
[INFO]: 2025-06-11 10:45:25 - Connected to database: ppob
[INFO]: 2025-06-11 10:45:25 - Connected to database: payment_gateway_langitdigital_dev
[INFO]: 2025-06-11 10:45:31 - Connected to database: biteship
[INFO]: 2025-06-11 10:45:31 - Connected to database: ppob
[INFO]: 2025-06-11 10:45:31 - Connected to database: payment_gateway_langitdigital_dev
[INFO]: 2025-06-11 10:45:34 - Connected to database: biteship
[INFO]: 2025-06-11 10:45:34 - Connected to database: ppob
[INFO]: 2025-06-11 10:45:34 - Connected to database: payment_gateway_langitdigital_dev
[INFO]: 2025-06-11 10:45:36 - Connected to database: biteship
[INFO]: 2025-06-11 10:45:37 - Connected to database: ppob
[INFO]: 2025-06-11 10:45:37 - Connected to database: payment_gateway_langitdigital_dev
[INFO]: 2025-06-11 10:45:41 - Connected to database: biteship
[INFO]: 2025-06-11 10:45:41 - Connected to database: ppob
[INFO]: 2025-06-11 10:45:41 - Connected to database: payment_gateway_langitdigital_dev
[INFO]: 2025-06-11 10:45:44 - Connected to database: biteship
[INFO]: 2025-06-11 10:45:44 - Connected to database: ppob
[INFO]: 2025-06-11 10:45:44 - Connected to database: payment_gateway_langitdigital_dev
[INFO]: 2025-06-11 10:45:50 - Connected to database: biteship
[INFO]: 2025-06-11 10:45:50 - Connected to database: ppob
[INFO]: 2025-06-11 10:45:50 - Connected to database: payment_gateway_langitdigital_dev
[INFO]: 2025-06-11 10:45:54 - Connected to database: biteship
[INFO]: 2025-06-11 10:45:54 - Connected to database: ppob
[INFO]: 2025-06-11 10:45:55 - Connected to database: payment_gateway_langitdigital_dev
[INFO]: 2025-06-11 10:45:58 - Connected to database: biteship
[INFO]: 2025-06-11 10:45:58 - Connected to database: ppob
[INFO]: 2025-06-11 10:45:58 - Connected to database: payment_gateway_langitdigital_dev
[INFO]: 2025-06-11 10:46:01 - Connected to database: biteship
[INFO]: 2025-06-11 10:46:01 - Connected to database: ppob
[INFO]: 2025-06-11 10:46:01 - Connected to database: payment_gateway_langitdigital_dev
[INFO]: 2025-06-11 10:46:25 - Connected to database: biteship
[INFO]: 2025-06-11 10:46:25 - Connected to database: ppob
[INFO]: 2025-06-11 10:46:25 - Connected to database: payment_gateway_langitdigital_dev
[INFO]: 2025-06-11 10:46:29 - Connected to database: biteship
[INFO]: 2025-06-11 10:46:29 - Connected to database: ppob
[INFO]: 2025-06-11 10:46:30 - Connected to database: payment_gateway_langitdigital_dev
[INFO]: 2025-06-11 10:46:31 - Connected to database: biteship
[INFO]: 2025-06-11 10:46:32 - Connected to database: ppob
[INFO]: 2025-06-11 10:46:32 - Connected to database: payment_gateway_langitdigital_dev
[INFO]: 2025-06-11 10:46:34 - Connected to database: biteship
[INFO]: 2025-06-11 10:46:34 - Connected to database: ppob
[INFO]: 2025-06-11 10:46:34 - Connected to database: payment_gateway_langitdigital_dev
[INFO]: 2025-06-11 10:46:36 - Connected to database: biteship
[INFO]: 2025-06-11 10:46:36 - Connected to database: ppob
[INFO]: 2025-06-11 10:46:39 - Connected to database: payment_gateway_langitdigital_dev
[INFO]: 2025-06-11 10:46:40 - Connected to database: biteship
[INFO]: 2025-06-11 10:46:41 - Connected to database: ppob
[INFO]: 2025-06-11 10:46:41 - Connected to database: payment_gateway_langitdigital_dev
[INFO]: 2025-06-11 10:48:08 - Connected to database: biteship
[INFO]: 2025-06-11 10:48:08 - Connected to database: ppob
[INFO]: 2025-06-11 10:48:09 - Connected to database: payment_gateway_langitdigital_dev
[INFO]: 2025-06-11 10:48:26 - Connected to database: biteship
[INFO]: 2025-06-11 10:48:26 - Connected to database: ppob
[INFO]: 2025-06-11 10:48:26 - Connected to database: payment_gateway_langitdigital_dev
[INFO]: 2025-06-11 10:48:29 - Connected to database: biteship
[INFO]: 2025-06-11 10:48:29 - Connected to database: ppob
[INFO]: 2025-06-11 10:48:29 - Connected to database: payment_gateway_langitdigital_dev
[INFO]: 2025-06-11 10:48:38 - Connected to database: biteship
[INFO]: 2025-06-11 10:48:39 - Connected to database: ppob
[INFO]: 2025-06-11 10:48:39 - Connected to database: payment_gateway_langitdigital_dev
[INFO]: 2025-06-11 10:48:41 - Connected to database: biteship
[INFO]: 2025-06-11 10:48:41 - Connected to database: ppob
[INFO]: 2025-06-11 10:48:41 - Connected to database: payment_gateway_langitdigital_dev
[INFO]: 2025-06-11 10:48:42 - Connected to database: biteship
[INFO]: 2025-06-11 10:48:42 - Connected to database: ppob
[INFO]: 2025-06-11 10:48:42 - Connected to database: payment_gateway_langitdigital_dev
[INFO]: 2025-06-11 10:48:45 - Connected to database: biteship
[INFO]: 2025-06-11 10:48:45 - Connected to database: ppob
[INFO]: 2025-06-11 10:48:45 - Connected to database: payment_gateway_langitdigital_dev
[INFO]: 2025-06-11 10:48:49 - Connected to database: biteship
[INFO]: 2025-06-11 10:48:49 - Connected to database: ppob
[INFO]: 2025-06-11 10:48:49 - Connected to database: payment_gateway_langitdigital_dev
[INFO]: 2025-06-11 10:48:57 - Connected to database: biteship
[INFO]: 2025-06-11 10:48:57 - Connected to database: ppob
[INFO]: 2025-06-11 10:48:57 - Connected to database: payment_gateway_langitdigital_dev
[INFO]: 2025-06-11 10:49:03 - Connected to database: biteship
[INFO]: 2025-06-11 10:49:03 - Connected to database: ppob
[INFO]: 2025-06-11 10:49:03 - Connected to database: payment_gateway_langitdigital_dev
[INFO]: 2025-06-11 10:49:06 - Connected to database: biteship
[INFO]: 2025-06-11 10:49:06 - Connected to database: ppob
[INFO]: 2025-06-11 10:49:06 - Connected to database: payment_gateway_langitdigital_dev
[INFO]: 2025-06-11 10:49:12 - Connected to database: biteship
[INFO]: 2025-06-11 10:49:14 - Connected to database: biteship
[INFO]: 2025-06-11 10:49:14 - Connected to database: ppob
[INFO]: 2025-06-11 10:49:15 - Connected to database: payment_gateway_langitdigital_dev
[INFO]: 2025-06-11 10:49:17 - Connected to database: biteship
[INFO]: 2025-06-11 10:49:17 - Connected to database: ppob
[INFO]: 2025-06-11 10:49:17 - Connected to database: payment_gateway_langitdigital_dev
[INFO]: 2025-06-11 10:49:22 - Connected to database: biteship
[INFO]: 2025-06-11 10:49:22 - Connected to database: ppob
[INFO]: 2025-06-11 10:49:23 - Connected to database: payment_gateway_langitdigital_dev
[INFO]: 2025-06-11 10:49:31 - Connected to database: biteship
[INFO]: 2025-06-11 10:49:31 - Connected to database: ppob
[INFO]: 2025-06-11 10:49:31 - Connected to database: payment_gateway_langitdigital_dev
[INFO]: 2025-06-11 10:49:32 - Connected to database: biteship
[INFO]: 2025-06-11 10:49:33 - Connected to database: ppob
[INFO]: 2025-06-11 10:49:33 - Connected to database: payment_gateway_langitdigital_dev
[INFO]: 2025-06-11 10:49:36 - Connected to database: biteship
[INFO]: 2025-06-11 10:49:36 - Connected to database: ppob
[INFO]: 2025-06-11 10:49:36 - Connected to database: payment_gateway_langitdigital_dev
[INFO]: 2025-06-11 10:49:39 - Connected to database: biteship
[INFO]: 2025-06-11 10:49:39 - Connected to database: ppob
[INFO]: 2025-06-11 10:49:40 - Connected to database: payment_gateway_langitdigital_dev
[INFO]: 2025-06-11 10:49:42 - Connected to database: biteship
[INFO]: 2025-06-11 10:49:43 - Connected to database: ppob
[INFO]: 2025-06-11 10:49:43 - Connected to database: payment_gateway_langitdigital_dev
[INFO]: 2025-06-11 10:49:47 - Connected to database: biteship
[INFO]: 2025-06-11 10:49:47 - Connected to database: ppob
[INFO]: 2025-06-11 10:49:47 - Connected to database: payment_gateway_langitdigital_dev
[ERROR]: 2025-06-11 10:51:25 - In Server: API returned status {"success":false,"error":"Failed to retrieve tracking number","code":40003001}
[INFO]: 2025-06-11 10:51:25 - Get All Courier success
[INFO]: 2025-06-11 10:51:37 - Connected to database: biteship
[INFO]: 2025-06-11 10:51:37 - Connected to database: ppob
[INFO]: 2025-06-11 10:51:38 - Connected to database: payment_gateway_langitdigital_dev
[ERROR]: 2025-06-11 10:51:40 - In Server: API returned status {"success":false,"error":"Failed to retrieve tracking number","code":40003001}
[INFO]: 2025-06-11 10:51:40 - Get All Tracking success
[INFO]: 2025-06-11 10:52:20 - Connected to database: biteship
[INFO]: 2025-06-11 10:52:20 - Connected to database: ppob
[INFO]: 2025-06-11 10:52:20 - Connected to database: payment_gateway_langitdigital_dev
[ERROR]: 2025-06-11 10:52:30 - In Server: id is required
[ERROR]: 2025-06-11 10:52:35 - In Server: API returned status {"success":false,"error":"Failed to retrieve tracking number","code":40003001}
[INFO]: 2025-06-11 10:52:35 - Get All Tracking success
