[INFO]: 2025-06-03 10:57:18 - Connected to database: tjl
[INFO]: 2025-06-03 10:57:18 - Connected to database: ppob
[INFO]: 2025-06-03 10:57:18 - Connected to database: payment_gateway_langitdigital_dev
[INFO]: 2025-06-03 11:10:53 - Get All Courier success
[INFO]: 2025-06-03 11:14:49 - Rate by Coordinate
[INFO]: 2025-06-03 11:28:27 - Connected to database: tjl
[INFO]: 2025-06-03 11:28:27 - Connected to database: ppob
[INFO]: 2025-06-03 11:28:27 - Connected to database: payment_gateway_langitdigital_dev
[INFO]: 2025-06-03 11:28:46 - Connected to database: tjl
[INFO]: 2025-06-03 11:28:46 - Connected to database: ppob
[INFO]: 2025-06-03 11:28:46 - Connected to database: payment_gateway_langitdigital_dev
[INFO]: 2025-06-03 11:28:52 - Connected to database: tjl
[INFO]: 2025-06-03 11:28:52 - Connected to database: ppob
[INFO]: 2025-06-03 11:28:52 - Connected to database: payment_gateway_langitdigital_dev
[INFO]: 2025-06-03 11:29:07 - Connected to database: tjl
[INFO]: 2025-06-03 11:29:07 - Connected to database: ppob
[INFO]: 2025-06-03 11:29:07 - Connected to database: payment_gateway_langitdigital_dev
[INFO]: 2025-06-03 11:29:10 - Connected to database: tjl
[INFO]: 2025-06-03 11:29:10 - Connected to database: ppob
[INFO]: 2025-06-03 11:29:10 - Connected to database: payment_gateway_langitdigital_dev
[INFO]: 2025-06-03 11:29:16 - Connected to database: tjl
[INFO]: 2025-06-03 11:29:16 - Connected to database: ppob
[INFO]: 2025-06-03 11:29:16 - Connected to database: payment_gateway_langitdigital_dev
[INFO]: 2025-06-03 11:29:24 - Connected to database: tjl
[INFO]: 2025-06-03 11:29:24 - Connected to database: ppob
[INFO]: 2025-06-03 11:29:25 - Connected to database: payment_gateway_langitdigital_dev
[INFO]: 2025-06-03 11:36:41 - Rate by Coordinate
[INFO]: 2025-06-03 11:39:51 - Connected to database: tjl
[INFO]: 2025-06-03 11:39:51 - Connected to database: ppob
[INFO]: 2025-06-03 11:39:51 - Connected to database: payment_gateway_langitdigital_dev
[INFO]: 2025-06-03 11:39:53 - Connected to database: tjl
[INFO]: 2025-06-03 11:39:53 - Connected to database: ppob
[INFO]: 2025-06-03 11:39:53 - Connected to database: payment_gateway_langitdigital_dev
[INFO]: 2025-06-03 11:39:57 - Connected to database: tjl
[INFO]: 2025-06-03 11:39:57 - Connected to database: ppob
[INFO]: 2025-06-03 11:39:57 - Connected to database: payment_gateway_langitdigital_dev
[INFO]: 2025-06-03 11:40:00 - Connected to database: tjl
[INFO]: 2025-06-03 11:40:00 - Connected to database: ppob
[INFO]: 2025-06-03 11:40:00 - Connected to database: payment_gateway_langitdigital_dev
[INFO]: 2025-06-03 11:40:10 - Connected to database: tjl
[INFO]: 2025-06-03 11:40:10 - Connected to database: ppob
[INFO]: 2025-06-03 11:40:10 - Connected to database: payment_gateway_langitdigital_dev
[INFO]: 2025-06-03 11:40:16 - Connected to database: tjl
[INFO]: 2025-06-03 11:40:16 - Connected to database: ppob
[INFO]: 2025-06-03 11:40:16 - Connected to database: payment_gateway_langitdigital_dev
[INFO]: 2025-06-03 11:40:20 - Connected to database: tjl
[INFO]: 2025-06-03 11:40:20 - Connected to database: ppob
[INFO]: 2025-06-03 11:40:20 - Connected to database: payment_gateway_langitdigital_dev
[INFO]: 2025-06-03 11:40:26 - Connected to database: tjl
[INFO]: 2025-06-03 11:40:26 - Connected to database: ppob
[INFO]: 2025-06-03 11:40:26 - Connected to database: payment_gateway_langitdigital_dev
[INFO]: 2025-06-03 11:40:28 - Connected to database: tjl
[INFO]: 2025-06-03 11:40:28 - Connected to database: ppob
[INFO]: 2025-06-03 11:40:28 - Connected to database: payment_gateway_langitdigital_dev
[INFO]: 2025-06-03 11:40:56 - Connected to database: tjl
[INFO]: 2025-06-03 11:40:56 - Connected to database: ppob
[INFO]: 2025-06-03 11:40:56 - Connected to database: payment_gateway_langitdigital_dev
[INFO]: 2025-06-03 11:40:58 - Connected to database: tjl
[INFO]: 2025-06-03 11:40:58 - Connected to database: ppob
[INFO]: 2025-06-03 11:40:58 - Connected to database: payment_gateway_langitdigital_dev
[INFO]: 2025-06-03 11:41:08 - Connected to database: tjl
[INFO]: 2025-06-03 11:41:08 - Connected to database: ppob
[INFO]: 2025-06-03 11:41:08 - Connected to database: payment_gateway_langitdigital_dev
[INFO]: 2025-06-03 11:41:14 - Connected to database: tjl
[INFO]: 2025-06-03 11:41:14 - Connected to database: ppob
[INFO]: 2025-06-03 11:41:14 - Connected to database: payment_gateway_langitdigital_dev
[INFO]: 2025-06-03 11:41:19 - Connected to database: tjl
[INFO]: 2025-06-03 11:41:19 - Connected to database: ppob
[INFO]: 2025-06-03 11:41:19 - Connected to database: payment_gateway_langitdigital_dev
[INFO]: 2025-06-03 11:41:23 - Connected to database: tjl
[INFO]: 2025-06-03 11:41:23 - Connected to database: ppob
[INFO]: 2025-06-03 11:41:24 - Connected to database: payment_gateway_langitdigital_dev
[INFO]: 2025-06-03 11:41:26 - Connected to database: tjl
[INFO]: 2025-06-03 11:41:26 - Connected to database: ppob
[INFO]: 2025-06-03 11:41:26 - Connected to database: payment_gateway_langitdigital_dev
[INFO]: 2025-06-03 11:41:29 - Connected to database: tjl
[INFO]: 2025-06-03 11:41:29 - Connected to database: ppob
[INFO]: 2025-06-03 11:41:29 - Connected to database: payment_gateway_langitdigital_dev
[INFO]: 2025-06-03 11:41:32 - Connected to database: tjl
[INFO]: 2025-06-03 11:41:32 - Connected to database: ppob
[INFO]: 2025-06-03 11:41:32 - Connected to database: payment_gateway_langitdigital_dev
[INFO]: 2025-06-03 11:41:35 - Connected to database: tjl
[INFO]: 2025-06-03 11:41:35 - Connected to database: ppob
[INFO]: 2025-06-03 11:41:35 - Connected to database: payment_gateway_langitdigital_dev
[INFO]: 2025-06-03 11:41:48 - Connected to database: tjl
[INFO]: 2025-06-03 11:41:48 - Connected to database: ppob
[INFO]: 2025-06-03 11:41:48 - Connected to database: payment_gateway_langitdigital_dev
[INFO]: 2025-06-03 11:41:51 - Connected to database: tjl
[INFO]: 2025-06-03 11:41:51 - Connected to database: ppob
[INFO]: 2025-06-03 11:41:51 - Connected to database: payment_gateway_langitdigital_dev
[INFO]: 2025-06-03 11:41:55 - Connected to database: tjl
[INFO]: 2025-06-03 11:41:55 - Connected to database: ppob
[INFO]: 2025-06-03 11:41:55 - Connected to database: payment_gateway_langitdigital_dev
[INFO]: 2025-06-03 11:42:01 - Connected to database: tjl
[INFO]: 2025-06-03 11:42:01 - Connected to database: ppob
[INFO]: 2025-06-03 11:42:01 - Connected to database: payment_gateway_langitdigital_dev
[INFO]: 2025-06-03 11:42:07 - Connected to database: tjl
[INFO]: 2025-06-03 11:42:07 - Connected to database: ppob
[INFO]: 2025-06-03 11:42:07 - Connected to database: payment_gateway_langitdigital_dev
[INFO]: 2025-06-03 11:42:11 - Connected to database: tjl
[INFO]: 2025-06-03 11:42:11 - Connected to database: ppob
[INFO]: 2025-06-03 11:42:11 - Connected to database: payment_gateway_langitdigital_dev
[INFO]: 2025-06-03 11:42:25 - Connected to database: tjl
[INFO]: 2025-06-03 11:42:26 - Connected to database: ppob
[INFO]: 2025-06-03 11:42:26 - Connected to database: payment_gateway_langitdigital_dev
[INFO]: 2025-06-03 11:42:48 - Connected to database: tjl
[INFO]: 2025-06-03 11:42:49 - Connected to database: ppob
[INFO]: 2025-06-03 11:42:49 - Connected to database: payment_gateway_langitdigital_dev
[INFO]: 2025-06-03 11:43:13 - Connected to database: tjl
[INFO]: 2025-06-03 11:43:13 - Connected to database: ppob
[INFO]: 2025-06-03 11:43:13 - Connected to database: payment_gateway_langitdigital_dev
[INFO]: 2025-06-03 11:50:00 - Connected to database: tjl
[INFO]: 2025-06-03 11:50:00 - Connected to database: ppob
[INFO]: 2025-06-03 11:50:00 - Connected to database: payment_gateway_langitdigital_dev
[INFO]: 2025-06-03 11:50:02 - Connected to database: tjl
[INFO]: 2025-06-03 11:50:02 - Connected to database: ppob
[INFO]: 2025-06-03 11:50:03 - Connected to database: payment_gateway_langitdigital_dev
[INFO]: 2025-06-03 11:50:12 - Connected to database: tjl
[INFO]: 2025-06-03 11:50:12 - Connected to database: ppob
[INFO]: 2025-06-03 11:50:13 - Connected to database: payment_gateway_langitdigital_dev
[INFO]: 2025-06-03 11:50:13 - Connected to database: tjl
[INFO]: 2025-06-03 11:50:13 - Connected to database: ppob
[INFO]: 2025-06-03 11:50:13 - Connected to database: payment_gateway_langitdigital_dev
[INFO]: 2025-06-03 11:50:16 - Connected to database: tjl
[INFO]: 2025-06-03 11:50:16 - Connected to database: ppob
[INFO]: 2025-06-03 11:50:16 - Connected to database: payment_gateway_langitdigital_dev
[INFO]: 2025-06-03 11:50:19 - Connected to database: tjl
[INFO]: 2025-06-03 11:50:19 - Connected to database: ppob
[INFO]: 2025-06-03 11:50:19 - Connected to database: payment_gateway_langitdigital_dev
[INFO]: 2025-06-03 11:50:25 - Connected to database: tjl
[INFO]: 2025-06-03 11:50:26 - Connected to database: ppob
[INFO]: 2025-06-03 11:50:26 - Connected to database: payment_gateway_langitdigital_dev
[INFO]: 2025-06-03 11:50:27 - Connected to database: tjl
[INFO]: 2025-06-03 11:50:28 - Connected to database: ppob
[INFO]: 2025-06-03 11:50:28 - Connected to database: payment_gateway_langitdigital_dev
[INFO]: 2025-06-03 11:51:58 - Connected to database: tjl
[INFO]: 2025-06-03 11:51:58 - Connected to database: ppob
[INFO]: 2025-06-03 11:51:58 - Connected to database: payment_gateway_langitdigital_dev
[INFO]: 2025-06-03 11:52:43 - Connected to database: tjl
[INFO]: 2025-06-03 11:52:43 - Connected to database: ppob
[INFO]: 2025-06-03 11:52:43 - Connected to database: payment_gateway_langitdigital_dev
[INFO]: 2025-06-03 11:52:45 - Connected to database: tjl
[INFO]: 2025-06-03 11:52:45 - Connected to database: ppob
[INFO]: 2025-06-03 11:52:45 - Connected to database: payment_gateway_langitdigital_dev
[INFO]: 2025-06-03 11:52:59 - Rate by Coordinate
[INFO]: 2025-06-03 11:55:59 - Rate by Coordinate
[INFO]: 2025-06-03 12:11:26 - Connected to database: tjl
[INFO]: 2025-06-03 12:11:26 - Connected to database: ppob
[INFO]: 2025-06-03 12:11:27 - Connected to database: payment_gateway_langitdigital_dev
[INFO]: 2025-06-03 12:11:36 - Connected to database: tjl
[INFO]: 2025-06-03 12:11:36 - Connected to database: ppob
[INFO]: 2025-06-03 12:11:36 - Connected to database: payment_gateway_langitdigital_dev
[INFO]: 2025-06-03 12:11:51 - Connected to database: tjl
[INFO]: 2025-06-03 12:11:51 - Connected to database: ppob
[INFO]: 2025-06-03 12:11:51 - Connected to database: payment_gateway_langitdigital_dev
[INFO]: 2025-06-03 12:11:53 - Connected to database: tjl
[INFO]: 2025-06-03 12:11:53 - Connected to database: ppob
[INFO]: 2025-06-03 12:11:53 - Connected to database: payment_gateway_langitdigital_dev
[INFO]: 2025-06-03 12:11:57 - Connected to database: tjl
[INFO]: 2025-06-03 12:11:57 - Connected to database: ppob
[INFO]: 2025-06-03 12:11:57 - Connected to database: payment_gateway_langitdigital_dev
[INFO]: 2025-06-03 12:12:01 - Connected to database: tjl
[INFO]: 2025-06-03 12:12:01 - Connected to database: ppob
[INFO]: 2025-06-03 12:12:01 - Connected to database: payment_gateway_langitdigital_dev
[INFO]: 2025-06-03 12:12:05 - Connected to database: tjl
[INFO]: 2025-06-03 12:12:05 - Connected to database: ppob
[INFO]: 2025-06-03 12:12:05 - Connected to database: payment_gateway_langitdigital_dev
[INFO]: 2025-06-03 12:12:10 - Connected to database: tjl
[INFO]: 2025-06-03 12:12:10 - Connected to database: ppob
[INFO]: 2025-06-03 12:12:10 - Connected to database: payment_gateway_langitdigital_dev
[INFO]: 2025-06-03 12:12:31 - Connected to database: tjl
[INFO]: 2025-06-03 12:12:31 - Connected to database: ppob
[INFO]: 2025-06-03 12:12:31 - Connected to database: payment_gateway_langitdigital_dev
[INFO]: 2025-06-03 12:12:35 - Connected to database: tjl
[INFO]: 2025-06-03 12:12:35 - Connected to database: ppob
[INFO]: 2025-06-03 12:12:36 - Connected to database: payment_gateway_langitdigital_dev
[INFO]: 2025-06-03 12:12:42 - Connected to database: tjl
[INFO]: 2025-06-03 12:12:43 - Connected to database: ppob
[INFO]: 2025-06-03 12:12:43 - Connected to database: payment_gateway_langitdigital_dev
[INFO]: 2025-06-03 12:13:14 - Connected to database: tjl
[INFO]: 2025-06-03 12:13:14 - Connected to database: ppob
[INFO]: 2025-06-03 12:13:15 - Connected to database: payment_gateway_langitdigital_dev
[INFO]: 2025-06-03 12:13:38 - Connected to database: tjl
[INFO]: 2025-06-03 12:13:38 - Connected to database: ppob
[INFO]: 2025-06-03 12:13:38 - Connected to database: payment_gateway_langitdigital_dev
[INFO]: 2025-06-03 12:13:47 - Connected to database: tjl
[INFO]: 2025-06-03 12:13:47 - Connected to database: ppob
[INFO]: 2025-06-03 12:13:47 - Connected to database: payment_gateway_langitdigital_dev
[INFO]: 2025-06-03 12:13:57 - Connected to database: tjl
[INFO]: 2025-06-03 12:13:57 - Connected to database: tjl
[INFO]: 2025-06-03 12:13:57 - Connected to database: ppob
[INFO]: 2025-06-03 12:13:58 - Connected to database: payment_gateway_langitdigital_dev
[INFO]: 2025-06-03 12:14:13 - Connected to database: tjl
[INFO]: 2025-06-03 12:14:13 - Connected to database: ppob
[INFO]: 2025-06-03 12:14:13 - Connected to database: payment_gateway_langitdigital_dev
[INFO]: 2025-06-03 12:14:14 - Connected to database: tjl
[INFO]: 2025-06-03 12:14:14 - Connected to database: ppob
[INFO]: 2025-06-03 12:14:14 - Connected to database: payment_gateway_langitdigital_dev
[INFO]: 2025-06-03 12:14:19 - Connected to database: tjl
[INFO]: 2025-06-03 12:14:20 - Connected to database: ppob
[INFO]: 2025-06-03 12:14:20 - Connected to database: payment_gateway_langitdigital_dev
[INFO]: 2025-06-03 12:14:31 - Connected to database: tjl
[INFO]: 2025-06-03 12:14:31 - Connected to database: ppob
[INFO]: 2025-06-03 12:14:31 - Connected to database: payment_gateway_langitdigital_dev
[INFO]: 2025-06-03 12:14:32 - Connected to database: tjl
[INFO]: 2025-06-03 12:14:32 - Connected to database: ppob
[INFO]: 2025-06-03 12:14:32 - Connected to database: payment_gateway_langitdigital_dev
[INFO]: 2025-06-03 12:14:45 - Connected to database: tjl
[INFO]: 2025-06-03 12:14:45 - Connected to database: ppob
[INFO]: 2025-06-03 12:14:45 - Connected to database: payment_gateway_langitdigital_dev
[INFO]: 2025-06-03 12:14:51 - Connected to database: tjl
[INFO]: 2025-06-03 12:14:51 - Connected to database: ppob
[INFO]: 2025-06-03 12:14:52 - Connected to database: payment_gateway_langitdigital_dev
[INFO]: 2025-06-03 12:14:52 - Connected to database: tjl
[INFO]: 2025-06-03 12:14:52 - Connected to database: ppob
[INFO]: 2025-06-03 12:14:53 - Connected to database: payment_gateway_langitdigital_dev
[INFO]: 2025-06-03 12:15:08 - Connected to database: tjl
[INFO]: 2025-06-03 12:15:08 - Connected to database: ppob
[INFO]: 2025-06-03 12:15:09 - Connected to database: payment_gateway_langitdigital_dev
[INFO]: 2025-06-03 12:15:17 - Connected to database: tjl
[INFO]: 2025-06-03 12:15:17 - Connected to database: ppob
[INFO]: 2025-06-03 12:15:17 - Connected to database: payment_gateway_langitdigital_dev
[INFO]: 2025-06-03 12:15:28 - Connected to database: tjl
[INFO]: 2025-06-03 12:15:28 - Connected to database: ppob
[INFO]: 2025-06-03 12:15:28 - Connected to database: payment_gateway_langitdigital_dev
[INFO]: 2025-06-03 12:15:29 - Connected to database: tjl
[INFO]: 2025-06-03 12:15:29 - Connected to database: ppob
[INFO]: 2025-06-03 12:15:29 - Connected to database: payment_gateway_langitdigital_dev
[INFO]: 2025-06-03 12:15:39 - Connected to database: tjl
[INFO]: 2025-06-03 12:15:39 - Connected to database: ppob
[INFO]: 2025-06-03 12:15:39 - Connected to database: payment_gateway_langitdigital_dev
[INFO]: 2025-06-03 12:15:41 - Connected to database: tjl
[INFO]: 2025-06-03 12:15:41 - Connected to database: ppob
[INFO]: 2025-06-03 12:15:42 - Connected to database: payment_gateway_langitdigital_dev
[INFO]: 2025-06-03 12:15:44 - Connected to database: tjl
[INFO]: 2025-06-03 12:15:44 - Connected to database: ppob
[INFO]: 2025-06-03 12:15:44 - Connected to database: payment_gateway_langitdigital_dev
[INFO]: 2025-06-03 12:15:53 - Connected to database: tjl
[INFO]: 2025-06-03 12:15:53 - Connected to database: ppob
[INFO]: 2025-06-03 12:15:53 - Connected to database: payment_gateway_langitdigital_dev
[INFO]: 2025-06-03 12:15:56 - Connected to database: tjl
[INFO]: 2025-06-03 12:15:56 - Connected to database: ppob
[INFO]: 2025-06-03 12:15:56 - Connected to database: payment_gateway_langitdigital_dev
[INFO]: 2025-06-03 12:16:01 - Connected to database: tjl
[INFO]: 2025-06-03 12:16:01 - Connected to database: ppob
[INFO]: 2025-06-03 12:16:01 - Connected to database: payment_gateway_langitdigital_dev
[INFO]: 2025-06-03 12:16:48 - Connected to database: tjl
[INFO]: 2025-06-03 12:16:48 - Connected to database: ppob
[INFO]: 2025-06-03 12:16:48 - Connected to database: payment_gateway_langitdigital_dev
[INFO]: 2025-06-03 12:17:01 - Connected to database: tjl
[INFO]: 2025-06-03 12:17:01 - Connected to database: ppob
[INFO]: 2025-06-03 12:17:01 - Connected to database: payment_gateway_langitdigital_dev
[INFO]: 2025-06-03 12:17:04 - Connected to database: tjl
[INFO]: 2025-06-03 12:17:04 - Connected to database: ppob
[INFO]: 2025-06-03 12:17:04 - Connected to database: payment_gateway_langitdigital_dev
[INFO]: 2025-06-03 12:17:14 - Connected to database: tjl
[INFO]: 2025-06-03 12:17:14 - Connected to database: ppob
[INFO]: 2025-06-03 12:17:14 - Connected to database: payment_gateway_langitdigital_dev
[INFO]: 2025-06-03 12:17:23 - Connected to database: tjl
[INFO]: 2025-06-03 12:17:23 - Connected to database: ppob
[INFO]: 2025-06-03 12:17:23 - Connected to database: payment_gateway_langitdigital_dev
[INFO]: 2025-06-03 12:17:37 - Connected to database: tjl
[INFO]: 2025-06-03 12:17:37 - Connected to database: ppob
[INFO]: 2025-06-03 12:17:37 - Connected to database: payment_gateway_langitdigital_dev
[INFO]: 2025-06-03 12:17:38 - Connected to database: tjl
[INFO]: 2025-06-03 12:17:38 - Connected to database: ppob
[INFO]: 2025-06-03 12:17:38 - Connected to database: payment_gateway_langitdigital_dev
[INFO]: 2025-06-03 12:17:52 - Connected to database: tjl
[INFO]: 2025-06-03 12:17:52 - Connected to database: ppob
[INFO]: 2025-06-03 12:17:52 - Connected to database: payment_gateway_langitdigital_dev
[INFO]: 2025-06-03 12:17:53 - Connected to database: tjl
[INFO]: 2025-06-03 12:17:54 - Connected to database: ppob
[INFO]: 2025-06-03 12:17:54 - Connected to database: payment_gateway_langitdigital_dev
[INFO]: 2025-06-03 12:17:56 - Connected to database: tjl
[INFO]: 2025-06-03 12:17:56 - Connected to database: ppob
[INFO]: 2025-06-03 12:17:56 - Connected to database: payment_gateway_langitdigital_dev
[INFO]: 2025-06-03 12:17:59 - Connected to database: tjl
[INFO]: 2025-06-03 12:17:59 - Connected to database: ppob
[INFO]: 2025-06-03 12:17:59 - Connected to database: payment_gateway_langitdigital_dev
[INFO]: 2025-06-03 12:18:10 - Connected to database: tjl
[INFO]: 2025-06-03 12:18:10 - Connected to database: ppob
[INFO]: 2025-06-03 12:18:10 - Connected to database: payment_gateway_langitdigital_dev
[INFO]: 2025-06-03 12:18:18 - Connected to database: tjl
[INFO]: 2025-06-03 12:18:19 - Connected to database: ppob
[INFO]: 2025-06-03 12:18:19 - Connected to database: payment_gateway_langitdigital_dev
[INFO]: 2025-06-03 12:18:21 - Connected to database: tjl
[INFO]: 2025-06-03 12:18:21 - Connected to database: ppob
[INFO]: 2025-06-03 12:18:21 - Connected to database: payment_gateway_langitdigital_dev
[INFO]: 2025-06-03 12:18:32 - Connected to database: tjl
[INFO]: 2025-06-03 12:18:32 - Connected to database: ppob
[INFO]: 2025-06-03 12:18:32 - Connected to database: payment_gateway_langitdigital_dev
[INFO]: 2025-06-03 12:18:34 - Connected to database: tjl
[INFO]: 2025-06-03 12:18:34 - Connected to database: ppob
[INFO]: 2025-06-03 12:18:34 - Connected to database: payment_gateway_langitdigital_dev
[INFO]: 2025-06-03 12:18:45 - Connected to database: tjl
[INFO]: 2025-06-03 12:18:45 - Connected to database: ppob
[INFO]: 2025-06-03 12:18:45 - Connected to database: payment_gateway_langitdigital_dev
[INFO]: 2025-06-03 12:18:57 - Connected to database: tjl
[INFO]: 2025-06-03 12:18:57 - Connected to database: ppob
[INFO]: 2025-06-03 12:18:57 - Connected to database: payment_gateway_langitdigital_dev
[INFO]: 2025-06-03 12:18:59 - Connected to database: tjl
[INFO]: 2025-06-03 12:18:59 - Connected to database: ppob
[INFO]: 2025-06-03 12:18:59 - Connected to database: payment_gateway_langitdigital_dev
[INFO]: 2025-06-03 12:19:07 - Connected to database: tjl
[INFO]: 2025-06-03 12:19:07 - Connected to database: ppob
[INFO]: 2025-06-03 12:19:08 - Connected to database: payment_gateway_langitdigital_dev
[INFO]: 2025-06-03 12:19:15 - Connected to database: tjl
[INFO]: 2025-06-03 12:19:16 - Connected to database: ppob
[INFO]: 2025-06-03 12:19:16 - Connected to database: payment_gateway_langitdigital_dev
[INFO]: 2025-06-03 12:19:19 - Connected to database: tjl
[INFO]: 2025-06-03 12:19:19 - Connected to database: ppob
[INFO]: 2025-06-03 12:19:19 - Connected to database: payment_gateway_langitdigital_dev
[INFO]: 2025-06-03 12:19:28 - Connected to database: tjl
[INFO]: 2025-06-03 12:19:28 - Connected to database: ppob
[INFO]: 2025-06-03 12:19:28 - Connected to database: payment_gateway_langitdigital_dev
[INFO]: 2025-06-03 12:19:31 - Connected to database: tjl
[INFO]: 2025-06-03 12:19:31 - Connected to database: ppob
[INFO]: 2025-06-03 12:19:31 - Connected to database: payment_gateway_langitdigital_dev
[INFO]: 2025-06-03 12:19:34 - Connected to database: tjl
[INFO]: 2025-06-03 12:19:34 - Connected to database: ppob
[INFO]: 2025-06-03 12:19:35 - Connected to database: payment_gateway_langitdigital_dev
[INFO]: 2025-06-03 12:19:42 - Connected to database: tjl
[INFO]: 2025-06-03 12:19:42 - Connected to database: ppob
[INFO]: 2025-06-03 12:19:43 - Connected to database: payment_gateway_langitdigital_dev
[INFO]: 2025-06-03 12:19:44 - Connected to database: tjl
[INFO]: 2025-06-03 12:19:44 - Connected to database: ppob
[INFO]: 2025-06-03 12:19:44 - Connected to database: payment_gateway_langitdigital_dev
[INFO]: 2025-06-03 12:19:49 - Connected to database: tjl
[INFO]: 2025-06-03 12:19:49 - Connected to database: ppob
[INFO]: 2025-06-03 12:19:49 - Connected to database: payment_gateway_langitdigital_dev
[INFO]: 2025-06-03 12:19:53 - Connected to database: tjl
[INFO]: 2025-06-03 12:19:53 - Connected to database: ppob
[INFO]: 2025-06-03 12:19:53 - Connected to database: payment_gateway_langitdigital_dev
[INFO]: 2025-06-03 12:19:59 - Connected to database: tjl
[INFO]: 2025-06-03 12:19:59 - Connected to database: ppob
[INFO]: 2025-06-03 12:20:00 - Connected to database: payment_gateway_langitdigital_dev
[INFO]: 2025-06-03 12:20:08 - Connected to database: tjl
[INFO]: 2025-06-03 12:20:09 - Connected to database: ppob
[INFO]: 2025-06-03 12:20:09 - Connected to database: payment_gateway_langitdigital_dev
[INFO]: 2025-06-03 12:20:12 - Connected to database: tjl
[INFO]: 2025-06-03 12:20:12 - Connected to database: ppob
[INFO]: 2025-06-03 12:20:12 - Connected to database: payment_gateway_langitdigital_dev
[INFO]: 2025-06-03 12:20:14 - Connected to database: tjl
[INFO]: 2025-06-03 12:20:14 - Connected to database: ppob
[INFO]: 2025-06-03 12:20:14 - Connected to database: payment_gateway_langitdigital_dev
[INFO]: 2025-06-03 12:20:35 - Connected to database: tjl
[INFO]: 2025-06-03 12:20:35 - Connected to database: tjl
[INFO]: 2025-06-03 12:20:35 - Connected to database: ppob
[INFO]: 2025-06-03 12:20:35 - Connected to database: payment_gateway_langitdigital_dev
[INFO]: 2025-06-03 12:20:37 - Connected to database: tjl
[INFO]: 2025-06-03 12:20:38 - Connected to database: ppob
[INFO]: 2025-06-03 12:20:38 - Connected to database: payment_gateway_langitdigital_dev
[INFO]: 2025-06-03 12:20:48 - Connected to database: tjl
[INFO]: 2025-06-03 12:20:48 - Connected to database: ppob
[INFO]: 2025-06-03 12:20:48 - Connected to database: payment_gateway_langitdigital_dev
[INFO]: 2025-06-03 12:20:50 - Connected to database: tjl
[INFO]: 2025-06-03 12:20:50 - Connected to database: ppob
[INFO]: 2025-06-03 12:20:50 - Connected to database: payment_gateway_langitdigital_dev
[INFO]: 2025-06-03 12:21:03 - Connected to database: tjl
[INFO]: 2025-06-03 12:21:03 - Connected to database: ppob
[INFO]: 2025-06-03 12:21:03 - Connected to database: payment_gateway_langitdigital_dev
[INFO]: 2025-06-03 12:21:06 - Connected to database: tjl
[INFO]: 2025-06-03 12:21:06 - Connected to database: ppob
[INFO]: 2025-06-03 12:21:06 - Connected to database: payment_gateway_langitdigital_dev
[INFO]: 2025-06-03 12:21:16 - Connected to database: tjl
[INFO]: 2025-06-03 12:21:16 - Connected to database: ppob
[INFO]: 2025-06-03 12:21:16 - Connected to database: payment_gateway_langitdigital_dev
[INFO]: 2025-06-03 12:21:20 - Connected to database: tjl
[INFO]: 2025-06-03 12:21:20 - Connected to database: ppob
[INFO]: 2025-06-03 12:21:20 - Connected to database: payment_gateway_langitdigital_dev
[INFO]: 2025-06-03 12:21:26 - Connected to database: tjl
[INFO]: 2025-06-03 12:21:26 - Connected to database: ppob
[INFO]: 2025-06-03 12:21:26 - Connected to database: payment_gateway_langitdigital_dev
[INFO]: 2025-06-03 12:21:33 - Connected to database: tjl
[INFO]: 2025-06-03 12:21:33 - Connected to database: ppob
[INFO]: 2025-06-03 12:21:33 - Connected to database: payment_gateway_langitdigital_dev
[INFO]: 2025-06-03 12:21:34 - Connected to database: tjl
[INFO]: 2025-06-03 12:21:35 - Connected to database: ppob
[INFO]: 2025-06-03 12:21:35 - Connected to database: payment_gateway_langitdigital_dev
[INFO]: 2025-06-03 12:21:36 - Connected to database: tjl
[INFO]: 2025-06-03 12:21:36 - Connected to database: ppob
[INFO]: 2025-06-03 12:21:36 - Connected to database: payment_gateway_langitdigital_dev
[INFO]: 2025-06-03 12:21:40 - Connected to database: tjl
[INFO]: 2025-06-03 12:21:40 - Connected to database: ppob
[INFO]: 2025-06-03 12:21:40 - Connected to database: payment_gateway_langitdigital_dev
[INFO]: 2025-06-03 12:21:43 - Connected to database: tjl
[INFO]: 2025-06-03 12:21:43 - Connected to database: ppob
[INFO]: 2025-06-03 12:21:43 - Connected to database: payment_gateway_langitdigital_dev
[INFO]: 2025-06-03 12:21:46 - Connected to database: tjl
[INFO]: 2025-06-03 12:21:46 - Connected to database: ppob
[INFO]: 2025-06-03 12:21:46 - Connected to database: payment_gateway_langitdigital_dev
[INFO]: 2025-06-03 12:21:52 - Connected to database: tjl
[INFO]: 2025-06-03 12:21:52 - Connected to database: ppob
[INFO]: 2025-06-03 12:21:52 - Connected to database: payment_gateway_langitdigital_dev
[INFO]: 2025-06-03 12:22:00 - Connected to database: tjl
[INFO]: 2025-06-03 12:22:00 - Connected to database: ppob
[INFO]: 2025-06-03 12:22:00 - Connected to database: payment_gateway_langitdigital_dev
[INFO]: 2025-06-03 12:22:09 - Connected to database: tjl
[INFO]: 2025-06-03 12:22:09 - Connected to database: ppob
[INFO]: 2025-06-03 12:22:09 - Connected to database: payment_gateway_langitdigital_dev
[INFO]: 2025-06-03 12:22:12 - Connected to database: tjl
[INFO]: 2025-06-03 12:22:12 - Connected to database: ppob
[INFO]: 2025-06-03 12:22:12 - Connected to database: payment_gateway_langitdigital_dev
[INFO]: 2025-06-03 12:22:22 - Connected to database: tjl
[INFO]: 2025-06-03 12:22:22 - Connected to database: ppob
[INFO]: 2025-06-03 12:22:22 - Connected to database: payment_gateway_langitdigital_dev
[INFO]: 2025-06-03 12:22:25 - Connected to database: tjl
[INFO]: 2025-06-03 12:22:25 - Connected to database: ppob
[INFO]: 2025-06-03 12:22:26 - Connected to database: payment_gateway_langitdigital_dev
[INFO]: 2025-06-03 12:22:28 - Connected to database: tjl
[INFO]: 2025-06-03 12:22:28 - Connected to database: ppob
[INFO]: 2025-06-03 12:22:28 - Connected to database: payment_gateway_langitdigital_dev
[INFO]: 2025-06-03 12:22:31 - Connected to database: tjl
[INFO]: 2025-06-03 12:22:31 - Connected to database: ppob
[INFO]: 2025-06-03 12:22:31 - Connected to database: payment_gateway_langitdigital_dev
[INFO]: 2025-06-03 12:22:52 - Connected to database: tjl
[INFO]: 2025-06-03 12:22:52 - Connected to database: ppob
[INFO]: 2025-06-03 12:22:52 - Connected to database: payment_gateway_langitdigital_dev
[INFO]: 2025-06-03 12:22:54 - Connected to database: tjl
[INFO]: 2025-06-03 12:22:54 - Connected to database: ppob
[INFO]: 2025-06-03 12:22:54 - Connected to database: payment_gateway_langitdigital_dev
[INFO]: 2025-06-03 12:23:21 - Connected to database: tjl
[INFO]: 2025-06-03 12:23:21 - Connected to database: ppob
[INFO]: 2025-06-03 12:23:21 - Connected to database: payment_gateway_langitdigital_dev
[INFO]: 2025-06-03 12:23:26 - Connected to database: tjl
[INFO]: 2025-06-03 12:23:26 - Connected to database: ppob
[INFO]: 2025-06-03 12:23:26 - Connected to database: payment_gateway_langitdigital_dev
[INFO]: 2025-06-03 12:23:27 - Connected to database: tjl
[INFO]: 2025-06-03 12:23:27 - Connected to database: ppob
[INFO]: 2025-06-03 12:23:27 - Connected to database: payment_gateway_langitdigital_dev
[INFO]: 2025-06-03 12:23:29 - Connected to database: tjl
[INFO]: 2025-06-03 12:23:29 - Connected to database: ppob
[INFO]: 2025-06-03 12:23:29 - Connected to database: payment_gateway_langitdigital_dev
[INFO]: 2025-06-03 12:23:32 - Connected to database: tjl
[INFO]: 2025-06-03 12:23:32 - Connected to database: ppob
[INFO]: 2025-06-03 12:23:33 - Connected to database: payment_gateway_langitdigital_dev
[INFO]: 2025-06-03 12:23:36 - Connected to database: tjl
[INFO]: 2025-06-03 12:23:36 - Connected to database: ppob
[INFO]: 2025-06-03 12:23:36 - Connected to database: payment_gateway_langitdigital_dev
[INFO]: 2025-06-03 12:23:44 - Connected to database: tjl
[INFO]: 2025-06-03 12:23:44 - Connected to database: ppob
[INFO]: 2025-06-03 12:23:44 - Connected to database: payment_gateway_langitdigital_dev
[INFO]: 2025-06-03 12:23:46 - Connected to database: tjl
[INFO]: 2025-06-03 12:23:46 - Connected to database: ppob
[INFO]: 2025-06-03 12:23:46 - Connected to database: payment_gateway_langitdigital_dev
[INFO]: 2025-06-03 12:23:59 - Connected to database: tjl
[INFO]: 2025-06-03 12:23:59 - Connected to database: ppob
[INFO]: 2025-06-03 12:23:59 - Connected to database: payment_gateway_langitdigital_dev
[INFO]: 2025-06-03 12:24:03 - Connected to database: tjl
[INFO]: 2025-06-03 12:24:04 - Connected to database: ppob
[INFO]: 2025-06-03 12:24:04 - Connected to database: payment_gateway_langitdigital_dev
[INFO]: 2025-06-03 12:24:05 - Connected to database: tjl
[INFO]: 2025-06-03 12:24:05 - Connected to database: ppob
[INFO]: 2025-06-03 12:24:05 - Connected to database: payment_gateway_langitdigital_dev
[INFO]: 2025-06-03 12:24:15 - Connected to database: tjl
[INFO]: 2025-06-03 12:24:16 - Connected to database: ppob
[INFO]: 2025-06-03 12:24:16 - Connected to database: payment_gateway_langitdigital_dev
[INFO]: 2025-06-03 12:24:17 - Connected to database: tjl
[INFO]: 2025-06-03 12:24:18 - Connected to database: ppob
[INFO]: 2025-06-03 12:24:18 - Connected to database: payment_gateway_langitdigital_dev
[INFO]: 2025-06-03 12:24:19 - Connected to database: tjl
[INFO]: 2025-06-03 12:24:19 - Connected to database: ppob
[INFO]: 2025-06-03 12:24:20 - Connected to database: payment_gateway_langitdigital_dev
[INFO]: 2025-06-03 12:24:57 - Connected to database: tjl
[INFO]: 2025-06-03 12:24:57 - Connected to database: ppob
[INFO]: 2025-06-03 12:24:58 - Connected to database: payment_gateway_langitdigital_dev
[INFO]: 2025-06-03 12:25:00 - Connected to database: tjl
[INFO]: 2025-06-03 12:25:00 - Connected to database: ppob
[INFO]: 2025-06-03 12:25:00 - Connected to database: payment_gateway_langitdigital_dev
[INFO]: 2025-06-03 12:25:10 - Connected to database: tjl
[INFO]: 2025-06-03 12:25:11 - Connected to database: ppob
[INFO]: 2025-06-03 12:25:11 - Connected to database: payment_gateway_langitdigital_dev
[INFO]: 2025-06-03 12:25:17 - Connected to database: tjl
[INFO]: 2025-06-03 12:25:17 - Connected to database: ppob
[INFO]: 2025-06-03 12:25:17 - Connected to database: payment_gateway_langitdigital_dev
[INFO]: 2025-06-03 12:25:23 - Connected to database: tjl
[INFO]: 2025-06-03 12:25:23 - Connected to database: ppob
[INFO]: 2025-06-03 12:25:24 - Connected to database: payment_gateway_langitdigital_dev
[INFO]: 2025-06-03 12:25:25 - Connected to database: tjl
[INFO]: 2025-06-03 12:25:25 - Connected to database: ppob
[INFO]: 2025-06-03 12:25:26 - Connected to database: payment_gateway_langitdigital_dev
[INFO]: 2025-06-03 12:25:31 - Connected to database: tjl
[INFO]: 2025-06-03 12:25:31 - Connected to database: ppob
[INFO]: 2025-06-03 12:25:31 - Connected to database: payment_gateway_langitdigital_dev
[INFO]: 2025-06-03 12:25:33 - Connected to database: tjl
[INFO]: 2025-06-03 12:25:33 - Connected to database: ppob
[INFO]: 2025-06-03 12:25:33 - Connected to database: payment_gateway_langitdigital_dev
[INFO]: 2025-06-03 12:26:00 - Connected to database: tjl
[INFO]: 2025-06-03 12:26:00 - Connected to database: ppob
[INFO]: 2025-06-03 12:26:00 - Connected to database: payment_gateway_langitdigital_dev
[INFO]: 2025-06-03 12:26:20 - Connected to database: tjl
[INFO]: 2025-06-03 12:26:20 - Connected to database: ppob
[INFO]: 2025-06-03 12:26:20 - Connected to database: payment_gateway_langitdigital_dev
[INFO]: 2025-06-03 12:26:40 - Connected to database: tjl
[INFO]: 2025-06-03 12:26:41 - Connected to database: ppob
[INFO]: 2025-06-03 12:26:41 - Connected to database: payment_gateway_langitdigital_dev
